g:\project\duke\xduke\engine\debugvc7\engine.bsc
g:\project\duke\xduke\engine\debugvc7\engine.pdb
g:\project\duke\xduke\engine\debugvc7\engine.idb
g:\project\duke\xduke\engine\debugvc7\a.sbr
g:\project\duke\xduke\engine\debugvc7\host.sbr
g:\project\duke\xduke\engine\debugvc7\list.sbr
g:\project\duke\xduke\engine\debugvc7\memory.sbr
g:\project\duke\xduke\engine\debugvc7\packet.sbr
g:\project\duke\xduke\engine\debugvc7\peer.sbr
g:\project\duke\xduke\engine\debugvc7\protocol.sbr
g:\project\duke\xduke\engine\debugvc7\unix.sbr
g:\project\duke\xduke\engine\debugvc7\win32.sbr
g:\project\duke\xduke\engine\debugvc7\pragmas.sbr
g:\project\duke\xduke\engine\debugvc7\pragmas.obj
g:\project\duke\xduke\engine\debugvc7\win32.obj
g:\project\duke\xduke\engine\debugvc7\unix.obj
g:\project\duke\xduke\engine\debugvc7\protocol.obj
g:\project\duke\xduke\engine\debugvc7\peer.obj
g:\project\duke\xduke\engine\debugvc7\packet.obj
g:\project\duke\xduke\engine\debugvc7\memory.obj
g:\project\duke\xduke\engine\debugvc7\list.obj
g:\project\duke\xduke\engine\debugvc7\host.obj
g:\project\duke\xduke\engine\debugvc7\a.obj
g:\project\duke\xduke\engine\debugvc7\cache1d.sbr
g:\project\duke\xduke\engine\debugvc7\engine.sbr
g:\project\duke\xduke\engine\debugvc7\mmulti.sbr
g:\project\duke\xduke\engine\debugvc7\sdl_driver.sbr
g:\project\duke\xduke\engine\debugvc7\mmulti.obj
g:\project\duke\xduke\engine\debugvc7\engine.obj
g:\project\duke\xduke\engine\debugvc7\cache1d.obj
g:\project\duke\xduke\engine\debugvc7\sdl_driver.obj
g:\project\duke\xduke\engine\debugvc7\mmulti_stable.sbr
g:\project\duke\xduke\engine\debugvc7\mmulti_stable.obj
g:\project\duke\xduke\engine\debugvc7\engine.lib
g:\project\duke\xduke\engine\.\debugvc7\engine.lib
g:\project\duke\xduke\engine\debugvc7\engine.tlog\bscmake.command.1.tlog
g:\project\duke\xduke\engine\debugvc7\engine.tlog\bscmake.read.1.tlog
g:\project\duke\xduke\engine\debugvc7\engine.tlog\bscmake.write.1.tlog
g:\project\duke\xduke\engine\debugvc7\engine.tlog\cl.command.1.tlog
g:\project\duke\xduke\engine\debugvc7\engine.tlog\cl.read.1.tlog
g:\project\duke\xduke\engine\debugvc7\engine.tlog\cl.write.1.tlog
g:\project\duke\xduke\engine\debugvc7\engine.tlog\lib-link.read.1.tlog
g:\project\duke\xduke\engine\debugvc7\engine.tlog\lib-link.write.1.tlog
g:\project\duke\xduke\engine\debugvc7\engine.tlog\lib.command.1.tlog
