g:\project\duke\xduke\game\debugvc7\vc142.pdb
g:\project\duke\xduke\game\debugvc7\vc142.idb
g:\project\duke\xduke\game\debugvc7\actors.sbr
g:\project\duke\xduke\game\debugvc7\animlib.sbr
g:\project\duke\xduke\game\debugvc7\ll_man.sbr
g:\project\duke\xduke\game\debugvc7\nodpmi.sbr
g:\project\duke\xduke\game\debugvc7\pitch.sbr
g:\project\duke\xduke\game\debugvc7\user.sbr
g:\project\duke\xduke\game\debugvc7\config.sbr
g:\project\duke\xduke\game\debugvc7\console.sbr
g:\project\duke\xduke\game\debugvc7\control.sbr
g:\project\duke\xduke\game\debugvc7\cvars.sbr
g:\project\duke\xduke\game\debugvc7\cvar_defs.sbr
g:\project\duke\xduke\game\debugvc7\game.sbr
g:\project\duke\xduke\game\debugvc7\gamedef.sbr
g:\project\duke\xduke\game\debugvc7\global.sbr
g:\project\duke\xduke\game\debugvc7\keyboard.sbr
g:\project\duke\xduke\game\debugvc7\keyboard.obj
g:\project\duke\xduke\game\debugvc7\global.obj
g:\project\duke\xduke\game\debugvc7\gamedef.obj
g:\project\duke\xduke\game\debugvc7\game.obj
g:\project\duke\xduke\game\debugvc7\cvar_defs.obj
g:\project\duke\xduke\game\debugvc7\cvars.obj
g:\project\duke\xduke\game\debugvc7\control.obj
g:\project\duke\xduke\game\debugvc7\console.obj
g:\project\duke\xduke\game\debugvc7\config.obj
g:\project\duke\xduke\game\debugvc7\user.obj
g:\project\duke\xduke\game\debugvc7\pitch.obj
g:\project\duke\xduke\game\debugvc7\nodpmi.obj
g:\project\duke\xduke\game\debugvc7\ll_man.obj
g:\project\duke\xduke\game\debugvc7\animlib.obj
g:\project\duke\xduke\game\debugvc7\actors.obj
g:\project\duke\xduke\game\debugvc7\player.sbr
g:\project\duke\xduke\game\debugvc7\premap.sbr
g:\project\duke\xduke\game\debugvc7\rts.sbr
g:\project\duke\xduke\game\debugvc7\scriplib.sbr
g:\project\duke\xduke\game\debugvc7\sector.sbr
g:\project\duke\xduke\game\debugvc7\sounds.sbr
g:\project\duke\xduke\game\debugvc7\sounds.obj
g:\project\duke\xduke\game\debugvc7\sector.obj
g:\project\duke\xduke\game\debugvc7\scriplib.obj
g:\project\duke\xduke\game\debugvc7\rts.obj
g:\project\duke\xduke\game\debugvc7\premap.obj
g:\project\duke\xduke\game\debugvc7\player.obj
g:\project\duke\xduke\game\debugvc7\multivoc.sbr
g:\project\duke\xduke\game\debugvc7\mvreverb.sbr
g:\project\duke\xduke\game\debugvc7\mv_mix.sbr
g:\project\duke\xduke\game\debugvc7\menues.sbr
g:\project\duke\xduke\game\debugvc7\mv_mix.obj
g:\project\duke\xduke\game\debugvc7\mvreverb.obj
g:\project\duke\xduke\game\debugvc7\multivoc.obj
g:\project\duke\xduke\game\debugvc7\dsl.sbr
g:\project\duke\xduke\game\debugvc7\dsl.obj
g:\project\duke\xduke\game\debugvc7\menues.obj
g:\project\duke\xduke\game\debugvc7\fx_man.sbr
g:\project\duke\xduke\game\debugvc7\fx_man1.obj
g:\project\duke\xduke\game\debugvc7\xmidi.sbr
g:\project\duke\xduke\game\debugvc7\xmidi.obj
g:\project\duke\xduke\game\debugvc7\win_midiout.sbr
g:\project\duke\xduke\game\debugvc7\win_midiout.obj
g:\project\duke\xduke\game\debugvc7\game.tlog\cl.command.1.tlog
g:\project\duke\xduke\game\debugvc7\game.tlog\cl.read.1.tlog
g:\project\duke\xduke\game\debugvc7\game.tlog\cl.write.1.tlog
g:\project\duke\xduke\game\debugvc7\game.tlog\link-cvtres.read.1.tlog
g:\project\duke\xduke\game\debugvc7\game.tlog\link-cvtres.write.1.tlog
g:\project\duke\xduke\game\debugvc7\game.tlog\link-rc.read.1.tlog
g:\project\duke\xduke\game\debugvc7\game.tlog\link-rc.write.1.tlog
g:\project\duke\xduke\game\debugvc7\game.tlog\link.command.1.tlog
g:\project\duke\xduke\game\debugvc7\game.tlog\link.delete.1.tlog
g:\project\duke\xduke\game\debugvc7\game.tlog\link.read.1.tlog
g:\project\duke\xduke\game\debugvc7\game.tlog\link.write.1.tlog
